  [1m[35m (17.6ms)[0m  [1m[35mCREATE TABLE "schema_migrations" ("version" character varying NOT NULL PRIMARY KEY)[0m
  [1m[35m (11.7ms)[0m  [1m[35mCREATE TABLE "ar_internal_metadata" ("key" character varying NOT NULL PRIMARY KEY, "value" character varying, "created_at" timestamp NOT NULL, "updated_at" timestamp NOT NULL)[0m
  [1m[35m (0.2ms)[0m  [1m[34mSELECT pg_try_advisory_lock(6474948758383961940)[0m
  [1m[35m (0.4ms)[0m  [1m[34mSELECT "schema_migrations"."version" FROM "schema_migrations" ORDER BY "schema_migrations"."version" ASC[0m
  [1m[36mActiveRecord::InternalMetadata Load (0.3ms)[0m  [1m[34mSELECT  "ar_internal_metadata".* FROM "ar_internal_metadata" WHERE "ar_internal_metadata"."key" = $1 LIMIT $2[0m  [["key", "environment"], ["LIMIT", 1]]
  [1m[35m (0.1ms)[0m  [1m[35mBEGIN[0m
  [1m[35mSQL (0.3ms)[0m  [1m[32mINSERT INTO "ar_internal_metadata" ("key", "value", "created_at", "updated_at") VALUES ($1, $2, $3, $4) RETURNING "key"[0m  [["key", "environment"], ["value", "development"], ["created_at", "2018-05-28 15:35:14.529381"], ["updated_at", "2018-05-28 15:35:14.529381"]]
  [1m[35m (0.8ms)[0m  [1m[35mCOMMIT[0m
  [1m[35m (0.2ms)[0m  [1m[34mSELECT pg_advisory_unlock(6474948758383961940)[0m
  [1m[35m (0.2ms)[0m  [1m[34mSELECT "schema_migrations"."version" FROM "schema_migrations" ORDER BY "schema_migrations"."version" ASC[0m
Started GET "/" for 127.0.0.1 at 2018-05-28 11:35:26 -0400
Processing by Rails::WelcomeController#index as HTML
  Rendering /home/benja/.rbenv/versions/2.4.1/lib/ruby/gems/2.4.0/gems/railties-5.1.6/lib/rails/templates/rails/welcome/index.html.erb
  Rendered /home/benja/.rbenv/versions/2.4.1/lib/ruby/gems/2.4.0/gems/railties-5.1.6/lib/rails/templates/rails/welcome/index.html.erb (16.7ms)
Completed 200 OK in 298ms (Views: 30.0ms)


Started GET "/" for 127.0.0.1 at 2018-05-28 11:35:54 -0400
Processing by HomeController#index as HTML
  Rendering home/index.html.erb within layouts/application
  Rendered home/index.html.erb within layouts/application (0.5ms)
Completed 500 Internal Server Error in 317ms


  
ActionView::Template::Error (couldn't find file 'jquery' with type 'application/javascript'
Checked in these paths: 
  /home/benja/Escritorio/Flights/app/assets/config
  /home/benja/Escritorio/Flights/app/assets/images
  /home/benja/Escritorio/Flights/app/assets/javascripts
  /home/benja/Escritorio/Flights/app/assets/stylesheets
  /home/benja/.rbenv/versions/2.4.1/lib/ruby/gems/2.4.0/gems/jquery-easing-rails-0.0.2/vendor/assets/javascripts
  /home/benja/.rbenv/versions/2.4.1/lib/ruby/gems/2.4.0/gems/coffee-rails-4.2.2/lib/assets/javascripts
  /home/benja/.rbenv/versions/2.4.1/lib/ruby/gems/2.4.0/gems/actioncable-5.1.6/lib/assets/compiled
  /home/benja/.rbenv/versions/2.4.1/lib/ruby/gems/2.4.0/gems/actionview-5.1.6/lib/assets/compiled
  /home/benja/.rbenv/versions/2.4.1/lib/ruby/gems/2.4.0/gems/turbolinks-source-5.1.0/lib/assets/javascripts
  /home/benja/Escritorio/Flights/node_modules):
    4:     <title>Flights</title>
    5:     <%= csrf_meta_tags %>
    6: 
    7:     <%= stylesheet_link_tag    'application', media: 'all', 'data-turbolinks-track': 'reload' %>
    8:     <%= javascript_include_tag 'application', 'data-turbolinks-track': 'reload' %>
    9:   </head>
   10: 
  
app/assets/javascripts/application.js:13
app/views/layouts/application.html.erb:7:in `_app_views_layouts_application_html_erb___4139171216963983539_47302690415920'
Started GET "/" for 127.0.0.1 at 2018-05-28 11:38:23 -0400
Processing by HomeController#index as HTML
  Rendering home/index.html.erb within layouts/application
  Rendered home/index.html.erb within layouts/application (0.8ms)
Completed 200 OK in 1000ms (Views: 554.2ms)


